Name                           Stmts   Miss Branch BrPart  Cover   Missing
--------------------------------------------------------------------------
RNV_Color_Palette_Manager.py    1371    565    434     56    55%   112-129, 134-169, 209, 362->366, 382->387, 391, 401, 416-434, 449-461, 471-475, 494-512, 531-534, 538-542, 546-548, 554-558, 680, 683->686, 700, 717, 722->exit, 727-728, 732-734, 737->exit, 743, 761, 1031->1033, 1039->1041, 1066->1074, 1084->1088, 1100, 1102, 1104, 1141, 1149->1147, 1177->1179, 1191, 1207-1210, 1247, 1250->1256, 1257-1259, 1267, 1268->1278, 1272->1277, 1293, 1308, 1310, 1344-1347, 1371, 1375-1380, 1393-1394, 1398-1399, 1403-1412, 1416-1425, 1429-1455, 1460, 1467, 1480->1482, 1512-1513, 1527, 1530->1537, 1542, 1557->1567, 1564-1565, 1603, 1615-1616, 1628->1630, 1635, 1639, 1653-1664, 1668-1708, 1712-1718, 1729-1737, 1743-1752, 1756-1760, 1771-1772, 1785-1818, 1822-1826, 1831-1832, 1843, 1853-1860, 1864-1934, 1938-1996, 2000-2007, 2011-2095, 2103-2144, 2148-2205, 2209-2221, 2225-2229, 2233-2234, 2242-2259, 2263-2269, 2274-2295, 2305->exit, 2310-2314, 2344-2359, 2363-2367, 2372-2427, 2440-2449, 2459-2471, 2507, 2512-2533
core\accessibility.py             65      0      4      0   100%
core\color_extractor.py          116     13     42      7    85%   58-59, 104, 106, 111, 140->194, 190->140, 219-227
core\color_harmonies.py           79      0     16      0   100%
core\color_math.py               297      9     70      6    96%   80, 115, 257, 303, 460, 511, 628, 714-715
core\color_slot.py               584    279    168     14    48%   38-40, 272-303, 317->exit, 323-330, 335->338, 345->347, 354-388, 438-448, 452->exit, 463-568, 572-594, 598-600, 604, 612-627, 635, 663, 671->674, 675-679, 688, 726-774, 778-799, 805-820, 824-855, 866-868, 877, 882-883, 885-886, 911, 917->exit
core\palette_formats.py          759    142    248     46    77%   252-253, 294-295, 308, 339, 342->344, 344->347, 367->373, 369, 370->373, 481, 510->516, 512, 513->516, 547->563, 558, 565->563, 567->563, 571-572, 593, 608->615, 617-619, 642-644, 659->668, 668->687, 676-685, 702->709, 719-724, 745-748, 762->758, 768-771, 785->781, 787->781, 792-795, 809->805, 817-820, 834->830, 845-848, 870-871, 876->873, 878-879, 889-890, 907->914, 916->914, 922-923, 948->947, 959->943, 966-974, 995-996, 1000-1006, 1019-1020, 1024-1025, 1040-1041, 1045-1046, 1051-1052, 1058-1059, 1064-1065, 1071-1073, 1078-1084, 1095-1129, 1134-1145, 1150-1252
core\palette_metadata.py          34      0      4      0   100%
ui\color_search.py               114      9     24      2    91%   72-75, 118, 192, 264-267
ui\colors.py                      79      0      0      0   100%
ui\image_button.py               138     63     78      7    44%   15, 75->exit, 84-89, 93-102, 105-118, 121-128, 131-140, 143-158, 162-175, 184->exit, 197-199, 202->206, 206->225, 237
ui\preview_grid.py                79     51     16      1    31%   21, 38, 42-44, 53-57, 61-120
ui\slot_group.py                 102      3      0      0    97%   158-160
ui\theme_manager.py               96      5     22      4    92%   111->143, 116->125, 140-141, 160, 191-192
ui\zoomable_graphics_view.py      43     16      2      1    62%   31->exit, 44-58, 66-70
utils\color_history.py           177     19     24      5    86%   75-83, 87-97, 186, 202, 247, 250, 319->317, 326->324, 344-346
utils\config.py                   71     11     12      1    78%   91, 104, 139-147, 164
utils\error_handler.py           209     33     54      2    84%   176, 202-210, 272-275, 374-383, 576, 588-599, 611-623
utils\export_history.py           98     15     10      3    81%   62, 70-71, 115-116, 125-127, 135-136, 187, 195-197, 203
utils\file_utils.py              175     20     48      4    89%   105-107, 163-165, 194, 237->240, 243->240, 250-252, 280, 319-321, 331-333, 347-349
utils\font_loader.py              67     38     20      5    41%   63-64, 68-82, 96-107, 124-127, 144-146, 163-180
utils\logger.py                  186     90     44     10    47%   62-68, 71, 90-104, 123-131, 157-174, 192-201, 240-284, 316-319, 362, 386, 398, 425-426, 429, 459-460, 482-483, 486, 492, 503-509, 513, 523-524, 547->549
utils\pixmap_cache.py            117     37     22      2    66%   77, 109->112, 159-167, 198-199, 203-207, 217-218, 227-228, 232-238, 258, 268-269, 273-279, 295-301
utils\recent_palettes.py         107     21     14      2    76%   39, 57, 62-67, 72, 100, 104-106, 165-168, 171-173, 180-181
utils\session_manager.py         170     10     28      1    94%   193->exit, 225-227, 257-258, 266-267, 317, 325-326
utils\settings_manager.py        243     48     40      6    74%   154, 156, 159-161, 206, 215, 226-227, 234-237, 268, 282, 291, 295, 300, 304, 309, 313, 322, 326-327, 341-343, 355, 364-367, 380, 389-391, 404-405, 414-415, 424, 437-438, 451-452, 460-461, 469
utils\undo_manager.py             62      1      8      0    99%   158
--------------------------------------------------------------------------
TOTAL                           5638   1498   1452    185    70%
